Performing C SOURCE FILE Test CMAKE_HAVE_LIBC_PTHREAD failed with the following output:
Change Dir: /home/xingdi/workspace/dzpk/dzpk/dzpk/src/server/build/CMakeFiles/CMakeScratch/TryCompile-yfw1Iy

Run Build Command(s):/usr/bin/gmake -f Makefile cmTC_ebd61/fast && /usr/bin/gmake  -f CMakeFiles/cmTC_ebd61.dir/build.make CMakeFiles/cmTC_ebd61.dir/build
gmake[1]: Entering directory '/home/xingdi/workspace/dzpk/dzpk/dzpk/src/server/build/CMakeFiles/CMakeScratch/TryCompile-yfw1Iy'
Building C object CMakeFiles/cmTC_ebd61.dir/src.c.o
/usr/bin/cc -DCMAKE_HAVE_LIBC_PTHREAD   -o CMakeFiles/cmTC_ebd61.dir/src.c.o -c /home/xingdi/workspace/dzpk/dzpk/dzpk/src/server/build/CMakeFiles/CMakeScratch/TryCompile-yfw1Iy/src.c
Linking C executable cmTC_ebd61
/home/xingdi/cmake/bin/cmake -E cmake_link_script CMakeFiles/cmTC_ebd61.dir/link.txt --verbose=1
/usr/bin/cc CMakeFiles/cmTC_ebd61.dir/src.c.o -o cmTC_ebd61 
CMakeFiles/cmTC_ebd61.dir/src.c.o: In function `main':
src.c:(.text+0x2d): undefined reference to `pthread_create'
src.c:(.text+0x39): undefined reference to `pthread_detach'
src.c:(.text+0x45): undefined reference to `pthread_cancel'
src.c:(.text+0x56): undefined reference to `pthread_join'
collect2: error: ld returned 1 exit status
gmake[1]: *** [CMakeFiles/cmTC_ebd61.dir/build.make:99: cmTC_ebd61] Error 1
gmake[1]: Leaving directory '/home/xingdi/workspace/dzpk/dzpk/dzpk/src/server/build/CMakeFiles/CMakeScratch/TryCompile-yfw1Iy'
gmake: *** [Makefile:127: cmTC_ebd61/fast] Error 2


Source file was:
#include <pthread.h>

static void* test_func(void* data)
{
  return data;
}

int main(void)
{
  pthread_t thread;
  pthread_create(&thread, NULL, test_func, NULL);
  pthread_detach(thread);
  pthread_cancel(thread);
  pthread_join(thread, NULL);
  pthread_atfork(NULL, NULL, NULL);
  pthread_exit(NULL);

  return 0;
}


Determining if the function pthread_create exists in the pthreads failed with the following output:
Change Dir: /home/xingdi/workspace/dzpk/dzpk/dzpk/src/server/build/CMakeFiles/CMakeScratch/TryCompile-I9x5KR

Run Build Command(s):/usr/bin/gmake -f Makefile cmTC_e5821/fast && /usr/bin/gmake  -f CMakeFiles/cmTC_e5821.dir/build.make CMakeFiles/cmTC_e5821.dir/build
gmake[1]: Entering directory '/home/xingdi/workspace/dzpk/dzpk/dzpk/src/server/build/CMakeFiles/CMakeScratch/TryCompile-I9x5KR'
Building C object CMakeFiles/cmTC_e5821.dir/CheckFunctionExists.c.o
/usr/bin/cc   -DCHECK_FUNCTION_EXISTS=pthread_create -o CMakeFiles/cmTC_e5821.dir/CheckFunctionExists.c.o -c /home/xingdi/workspace/dzpk/dzpk/dzpk/src/server/build/CMakeFiles/CMakeScratch/TryCompile-I9x5KR/CheckFunctionExists.c
Linking C executable cmTC_e5821
/home/xingdi/cmake/bin/cmake -E cmake_link_script CMakeFiles/cmTC_e5821.dir/link.txt --verbose=1
/usr/bin/cc  -DCHECK_FUNCTION_EXISTS=pthread_create CMakeFiles/cmTC_e5821.dir/CheckFunctionExists.c.o -o cmTC_e5821  -lpthreads 
/usr/bin/ld: cannot find -lpthreads
collect2: error: ld returned 1 exit status
gmake[1]: *** [CMakeFiles/cmTC_e5821.dir/build.make:99: cmTC_e5821] Error 1
gmake[1]: Leaving directory '/home/xingdi/workspace/dzpk/dzpk/dzpk/src/server/build/CMakeFiles/CMakeScratch/TryCompile-I9x5KR'
gmake: *** [Makefile:127: cmTC_e5821/fast] Error 2



