The system is: Linux - 4.18.0-240.el8.x86_64 - x86_64
Compiling the C compiler identification source file "CMakeCCompilerId.c" succeeded.
Compiler: /home/xingdi/gcc12/bin/gcc 
Build flags: 
Id flags:  

The output was:
0


Compilation of the C compiler identification source "CMakeCCompilerId.c" produced "a.out"

The C compiler identification is GNU, found in "/home/xingdi/workspace/dzpk/dzpk/src/server/cmake-build-debug/CMakeFiles/3.24.2/CompilerIdC/a.out"

Compiling the CXX compiler identification source file "CMakeCXXCompilerId.cpp" succeeded.
Compiler: /home/xingdi/gcc12/bin/g++ 
Build flags: 
Id flags:  

The output was:
0


Compilation of the CXX compiler identification source "CMakeCXXCompilerId.cpp" produced "a.out"

The CXX compiler identification is GNU, found in "/home/xingdi/workspace/dzpk/dzpk/src/server/cmake-build-debug/CMakeFiles/3.24.2/CompilerIdCXX/a.out"

Detecting C compiler ABI info compiled with the following output:
Change Dir: /home/xingdi/workspace/dzpk/dzpk/src/server/cmake-build-debug/CMakeFiles/CMakeTmp

Run Build Command(s):/home/xingdi/clion-2022.3.1/bin/ninja/linux/ninja cmTC_a14cf && [1/2] Building C object CMakeFiles/cmTC_a14cf.dir/CMakeCCompilerABI.c.o
Using built-in specs.
COLLECT_GCC=/home/xingdi/gcc12/bin/gcc
Target: x86_64-pc-linux-gnu
Configured with: ./configure --prefix=/home/xingdi/gcc12/ --enable-multilib
Thread model: posix
Supported LTO compression algorithms: zlib
gcc version 12.2.0 (GCC) 
COLLECT_GCC_OPTIONS='-fdiagnostics-color=always' '-v' '-o' 'CMakeFiles/cmTC_a14cf.dir/CMakeCCompilerABI.c.o' '-c' '-mtune=generic' '-march=x86-64' '-dumpdir' 'CMakeFiles/cmTC_a14cf.dir/'
 /home/xingdi/gcc12/libexec/gcc/x86_64-pc-linux-gnu/12.2.0/cc1 -quiet -v /home/xingdi/clion-2022.3.1/bin/cmake/linux/share/cmake-3.24/Modules/CMakeCCompilerABI.c -quiet -dumpdir CMakeFiles/cmTC_a14cf.dir/ -dumpbase CMakeCCompilerABI.c.c -dumpbase-ext .c -mtune=generic -march=x86-64 -version -fdiagnostics-color=always -o /tmp/ccdZ3mAn.s
GNU C17 (GCC) version 12.2.0 (x86_64-pc-linux-gnu)
	compiled by GNU C version 12.2.0, GMP version 6.1.2, MPFR version 3.1.6-p2, MPC version 1.0.2, isl version isl-0.16.1-GMP

GGC heuristics: --param ggc-min-expand=100 --param ggc-min-heapsize=131072
ignoring nonexistent directory "/home/xingdi/gcc12/lib/gcc/x86_64-pc-linux-gnu/12.2.0/../../../../x86_64-pc-linux-gnu/include"
#include "..." search starts here:
#include <...> search starts here:
 /home/xingdi/gcc12/lib/gcc/x86_64-pc-linux-gnu/12.2.0/include
 /usr/local/include
 /home/xingdi/gcc12/include
 /home/xingdi/gcc12/lib/gcc/x86_64-pc-linux-gnu/12.2.0/include-fixed
 /usr/include
End of search list.
GNU C17 (GCC) version 12.2.0 (x86_64-pc-linux-gnu)
	compiled by GNU C version 12.2.0, GMP version 6.1.2, MPFR version 3.1.6-p2, MPC version 1.0.2, isl version isl-0.16.1-GMP

GGC heuristics: --param ggc-min-expand=100 --param ggc-min-heapsize=131072
Compiler executable checksum: 19a00688744190357500344bd19e882c
COLLECT_GCC_OPTIONS='-fdiagnostics-color=always' '-v' '-o' 'CMakeFiles/cmTC_a14cf.dir/CMakeCCompilerABI.c.o' '-c' '-mtune=generic' '-march=x86-64' '-dumpdir' 'CMakeFiles/cmTC_a14cf.dir/'
 as -v --64 -o CMakeFiles/cmTC_a14cf.dir/CMakeCCompilerABI.c.o /tmp/ccdZ3mAn.s
GNU assembler version 2.30 (x86_64-redhat-linux) using BFD version version 2.30-79.el8
COMPILER_PATH=/home/xingdi/gcc12/libexec/gcc/x86_64-pc-linux-gnu/12.2.0/:/home/xingdi/gcc12/libexec/gcc/x86_64-pc-linux-gnu/12.2.0/:/home/xingdi/gcc12/libexec/gcc/x86_64-pc-linux-gnu/:/home/xingdi/gcc12/lib/gcc/x86_64-pc-linux-gnu/12.2.0/:/home/xingdi/gcc12/lib/gcc/x86_64-pc-linux-gnu/
LIBRARY_PATH=/home/xingdi/gcc12/lib/gcc/x86_64-pc-linux-gnu/12.2.0/:/home/xingdi/gcc12/lib/gcc/x86_64-pc-linux-gnu/12.2.0/../../../../lib64/:/lib/../lib64/:/usr/lib/../lib64/:/home/xingdi/gcc12/lib/gcc/x86_64-pc-linux-gnu/12.2.0/../../../:/lib/:/usr/lib/
COLLECT_GCC_OPTIONS='-fdiagnostics-color=always' '-v' '-o' 'CMakeFiles/cmTC_a14cf.dir/CMakeCCompilerABI.c.o' '-c' '-mtune=generic' '-march=x86-64' '-dumpdir' 'CMakeFiles/cmTC_a14cf.dir/CMakeCCompilerABI.c.'
[2/2] Linking C executable cmTC_a14cf
Using built-in specs.
COLLECT_GCC=/home/xingdi/gcc12/bin/gcc
COLLECT_LTO_WRAPPER=/home/xingdi/gcc12/libexec/gcc/x86_64-pc-linux-gnu/12.2.0/lto-wrapper
Target: x86_64-pc-linux-gnu
Configured with: ./configure --prefix=/home/xingdi/gcc12/ --enable-multilib
Thread model: posix
Supported LTO compression algorithms: zlib
gcc version 12.2.0 (GCC) 
COMPILER_PATH=/home/xingdi/gcc12/libexec/gcc/x86_64-pc-linux-gnu/12.2.0/:/home/xingdi/gcc12/libexec/gcc/x86_64-pc-linux-gnu/12.2.0/:/home/xingdi/gcc12/libexec/gcc/x86_64-pc-linux-gnu/:/home/xingdi/gcc12/lib/gcc/x86_64-pc-linux-gnu/12.2.0/:/home/xingdi/gcc12/lib/gcc/x86_64-pc-linux-gnu/
LIBRARY_PATH=/home/xingdi/gcc12/lib/gcc/x86_64-pc-linux-gnu/12.2.0/:/home/xingdi/gcc12/lib/gcc/x86_64-pc-linux-gnu/12.2.0/../../../../lib64/:/lib/../lib64/:/usr/lib/../lib64/:/home/xingdi/gcc12/lib/gcc/x86_64-pc-linux-gnu/12.2.0/../../../:/lib/:/usr/lib/
COLLECT_GCC_OPTIONS='-v' '-o' 'cmTC_a14cf' '-mtune=generic' '-march=x86-64' '-dumpdir' 'cmTC_a14cf.'
 /home/xingdi/gcc12/libexec/gcc/x86_64-pc-linux-gnu/12.2.0/collect2 -plugin /home/xingdi/gcc12/libexec/gcc/x86_64-pc-linux-gnu/12.2.0/liblto_plugin.so -plugin-opt=/home/xingdi/gcc12/libexec/gcc/x86_64-pc-linux-gnu/12.2.0/lto-wrapper -plugin-opt=-fresolution=/tmp/ccpgK4kq.res -plugin-opt=-pass-through=-lgcc -plugin-opt=-pass-through=-lgcc_s -plugin-opt=-pass-through=-lc -plugin-opt=-pass-through=-lgcc -plugin-opt=-pass-through=-lgcc_s --eh-frame-hdr -m elf_x86_64 -dynamic-linker /lib64/ld-linux-x86-64.so.2 -o cmTC_a14cf /lib/../lib64/crt1.o /lib/../lib64/crti.o /home/xingdi/gcc12/lib/gcc/x86_64-pc-linux-gnu/12.2.0/crtbegin.o -L/home/xingdi/gcc12/lib/gcc/x86_64-pc-linux-gnu/12.2.0 -L/home/xingdi/gcc12/lib/gcc/x86_64-pc-linux-gnu/12.2.0/../../../../lib64 -L/lib/../lib64 -L/usr/lib/../lib64 -L/home/xingdi/gcc12/lib/gcc/x86_64-pc-linux-gnu/12.2.0/../../.. CMakeFiles/cmTC_a14cf.dir/CMakeCCompilerABI.c.o -lgcc --push-state --as-needed -lgcc_s --pop-state -lc -lgcc --push-state --as-needed -lgcc_s --pop-state /home/xingdi/gcc12/lib/gcc/x86_64-pc-linux-gnu/12.2.0/crtend.o /lib/../lib64/crtn.o
COLLECT_GCC_OPTIONS='-v' '-o' 'cmTC_a14cf' '-mtune=generic' '-march=x86-64' '-dumpdir' 'cmTC_a14cf.'



Parsed C implicit include dir info from above output: rv=done
  found start of include info
  found start of implicit include info
    add: [/home/xingdi/gcc12/lib/gcc/x86_64-pc-linux-gnu/12.2.0/include]
    add: [/usr/local/include]
    add: [/home/xingdi/gcc12/include]
    add: [/home/xingdi/gcc12/lib/gcc/x86_64-pc-linux-gnu/12.2.0/include-fixed]
    add: [/usr/include]
  end of search list found
  collapse include dir [/home/xingdi/gcc12/lib/gcc/x86_64-pc-linux-gnu/12.2.0/include] ==> [/home/xingdi/gcc12/lib/gcc/x86_64-pc-linux-gnu/12.2.0/include]
  collapse include dir [/usr/local/include] ==> [/usr/local/include]
  collapse include dir [/home/xingdi/gcc12/include] ==> [/home/xingdi/gcc12/include]
  collapse include dir [/home/xingdi/gcc12/lib/gcc/x86_64-pc-linux-gnu/12.2.0/include-fixed] ==> [/home/xingdi/gcc12/lib/gcc/x86_64-pc-linux-gnu/12.2.0/include-fixed]
  collapse include dir [/usr/include] ==> [/usr/include]
  implicit include dirs: [/home/xingdi/gcc12/lib/gcc/x86_64-pc-linux-gnu/12.2.0/include;/usr/local/include;/home/xingdi/gcc12/include;/home/xingdi/gcc12/lib/gcc/x86_64-pc-linux-gnu/12.2.0/include-fixed;/usr/include]


Parsed C implicit link information from above output:
  link line regex: [^( *|.*[/\])(ld|CMAKE_LINK_STARTFILE-NOTFOUND|([^/\]+-)?ld|collect2)[^/\]*( |$)]
  ignore line: [Change Dir: /home/xingdi/workspace/dzpk/dzpk/src/server/cmake-build-debug/CMakeFiles/CMakeTmp]
  ignore line: []
  ignore line: [Run Build Command(s):/home/xingdi/clion-2022.3.1/bin/ninja/linux/ninja cmTC_a14cf && [1/2] Building C object CMakeFiles/cmTC_a14cf.dir/CMakeCCompilerABI.c.o]
  ignore line: [Using built-in specs.]
  ignore line: [COLLECT_GCC=/home/xingdi/gcc12/bin/gcc]
  ignore line: [Target: x86_64-pc-linux-gnu]
  ignore line: [Configured with: ./configure --prefix=/home/xingdi/gcc12/ --enable-multilib]
  ignore line: [Thread model: posix]
  ignore line: [Supported LTO compression algorithms: zlib]
  ignore line: [gcc version 12.2.0 (GCC) ]
  ignore line: [COLLECT_GCC_OPTIONS='-fdiagnostics-color=always' '-v' '-o' 'CMakeFiles/cmTC_a14cf.dir/CMakeCCompilerABI.c.o' '-c' '-mtune=generic' '-march=x86-64' '-dumpdir' 'CMakeFiles/cmTC_a14cf.dir/']
  ignore line: [ /home/xingdi/gcc12/libexec/gcc/x86_64-pc-linux-gnu/12.2.0/cc1 -quiet -v /home/xingdi/clion-2022.3.1/bin/cmake/linux/share/cmake-3.24/Modules/CMakeCCompilerABI.c -quiet -dumpdir CMakeFiles/cmTC_a14cf.dir/ -dumpbase CMakeCCompilerABI.c.c -dumpbase-ext .c -mtune=generic -march=x86-64 -version -fdiagnostics-color=always -o /tmp/ccdZ3mAn.s]
  ignore line: [GNU C17 (GCC) version 12.2.0 (x86_64-pc-linux-gnu)]
  ignore line: [	compiled by GNU C version 12.2.0  GMP version 6.1.2  MPFR version 3.1.6-p2  MPC version 1.0.2  isl version isl-0.16.1-GMP]
  ignore line: []
  ignore line: [GGC heuristics: --param ggc-min-expand=100 --param ggc-min-heapsize=131072]
  ignore line: [ignoring nonexistent directory "/home/xingdi/gcc12/lib/gcc/x86_64-pc-linux-gnu/12.2.0/../../../../x86_64-pc-linux-gnu/include"]
  ignore line: [#include "..." search starts here:]
  ignore line: [#include <...> search starts here:]
  ignore line: [ /home/xingdi/gcc12/lib/gcc/x86_64-pc-linux-gnu/12.2.0/include]
  ignore line: [ /usr/local/include]
  ignore line: [ /home/xingdi/gcc12/include]
  ignore line: [ /home/xingdi/gcc12/lib/gcc/x86_64-pc-linux-gnu/12.2.0/include-fixed]
  ignore line: [ /usr/include]
  ignore line: [End of search list.]
  ignore line: [GNU C17 (GCC) version 12.2.0 (x86_64-pc-linux-gnu)]
  ignore line: [	compiled by GNU C version 12.2.0  GMP version 6.1.2  MPFR version 3.1.6-p2  MPC version 1.0.2  isl version isl-0.16.1-GMP]
  ignore line: []
  ignore line: [GGC heuristics: --param ggc-min-expand=100 --param ggc-min-heapsize=131072]
  ignore line: [Compiler executable checksum: 19a00688744190357500344bd19e882c]
  ignore line: [COLLECT_GCC_OPTIONS='-fdiagnostics-color=always' '-v' '-o' 'CMakeFiles/cmTC_a14cf.dir/CMakeCCompilerABI.c.o' '-c' '-mtune=generic' '-march=x86-64' '-dumpdir' 'CMakeFiles/cmTC_a14cf.dir/']
  ignore line: [ as -v --64 -o CMakeFiles/cmTC_a14cf.dir/CMakeCCompilerABI.c.o /tmp/ccdZ3mAn.s]
  ignore line: [GNU assembler version 2.30 (x86_64-redhat-linux) using BFD version version 2.30-79.el8]
  ignore line: [COMPILER_PATH=/home/xingdi/gcc12/libexec/gcc/x86_64-pc-linux-gnu/12.2.0/:/home/xingdi/gcc12/libexec/gcc/x86_64-pc-linux-gnu/12.2.0/:/home/xingdi/gcc12/libexec/gcc/x86_64-pc-linux-gnu/:/home/xingdi/gcc12/lib/gcc/x86_64-pc-linux-gnu/12.2.0/:/home/xingdi/gcc12/lib/gcc/x86_64-pc-linux-gnu/]
  ignore line: [LIBRARY_PATH=/home/xingdi/gcc12/lib/gcc/x86_64-pc-linux-gnu/12.2.0/:/home/xingdi/gcc12/lib/gcc/x86_64-pc-linux-gnu/12.2.0/../../../../lib64/:/lib/../lib64/:/usr/lib/../lib64/:/home/xingdi/gcc12/lib/gcc/x86_64-pc-linux-gnu/12.2.0/../../../:/lib/:/usr/lib/]
  ignore line: [COLLECT_GCC_OPTIONS='-fdiagnostics-color=always' '-v' '-o' 'CMakeFiles/cmTC_a14cf.dir/CMakeCCompilerABI.c.o' '-c' '-mtune=generic' '-march=x86-64' '-dumpdir' 'CMakeFiles/cmTC_a14cf.dir/CMakeCCompilerABI.c.']
  ignore line: [[2/2] Linking C executable cmTC_a14cf]
  ignore line: [Using built-in specs.]
  ignore line: [COLLECT_GCC=/home/xingdi/gcc12/bin/gcc]
  ignore line: [COLLECT_LTO_WRAPPER=/home/xingdi/gcc12/libexec/gcc/x86_64-pc-linux-gnu/12.2.0/lto-wrapper]
  ignore line: [Target: x86_64-pc-linux-gnu]
  ignore line: [Configured with: ./configure --prefix=/home/xingdi/gcc12/ --enable-multilib]
  ignore line: [Thread model: posix]
  ignore line: [Supported LTO compression algorithms: zlib]
  ignore line: [gcc version 12.2.0 (GCC) ]
  ignore line: [COMPILER_PATH=/home/xingdi/gcc12/libexec/gcc/x86_64-pc-linux-gnu/12.2.0/:/home/xingdi/gcc12/libexec/gcc/x86_64-pc-linux-gnu/12.2.0/:/home/xingdi/gcc12/libexec/gcc/x86_64-pc-linux-gnu/:/home/xingdi/gcc12/lib/gcc/x86_64-pc-linux-gnu/12.2.0/:/home/xingdi/gcc12/lib/gcc/x86_64-pc-linux-gnu/]
  ignore line: [LIBRARY_PATH=/home/xingdi/gcc12/lib/gcc/x86_64-pc-linux-gnu/12.2.0/:/home/xingdi/gcc12/lib/gcc/x86_64-pc-linux-gnu/12.2.0/../../../../lib64/:/lib/../lib64/:/usr/lib/../lib64/:/home/xingdi/gcc12/lib/gcc/x86_64-pc-linux-gnu/12.2.0/../../../:/lib/:/usr/lib/]
  ignore line: [COLLECT_GCC_OPTIONS='-v' '-o' 'cmTC_a14cf' '-mtune=generic' '-march=x86-64' '-dumpdir' 'cmTC_a14cf.']
  link line: [ /home/xingdi/gcc12/libexec/gcc/x86_64-pc-linux-gnu/12.2.0/collect2 -plugin /home/xingdi/gcc12/libexec/gcc/x86_64-pc-linux-gnu/12.2.0/liblto_plugin.so -plugin-opt=/home/xingdi/gcc12/libexec/gcc/x86_64-pc-linux-gnu/12.2.0/lto-wrapper -plugin-opt=-fresolution=/tmp/ccpgK4kq.res -plugin-opt=-pass-through=-lgcc -plugin-opt=-pass-through=-lgcc_s -plugin-opt=-pass-through=-lc -plugin-opt=-pass-through=-lgcc -plugin-opt=-pass-through=-lgcc_s --eh-frame-hdr -m elf_x86_64 -dynamic-linker /lib64/ld-linux-x86-64.so.2 -o cmTC_a14cf /lib/../lib64/crt1.o /lib/../lib64/crti.o /home/xingdi/gcc12/lib/gcc/x86_64-pc-linux-gnu/12.2.0/crtbegin.o -L/home/xingdi/gcc12/lib/gcc/x86_64-pc-linux-gnu/12.2.0 -L/home/xingdi/gcc12/lib/gcc/x86_64-pc-linux-gnu/12.2.0/../../../../lib64 -L/lib/../lib64 -L/usr/lib/../lib64 -L/home/xingdi/gcc12/lib/gcc/x86_64-pc-linux-gnu/12.2.0/../../.. CMakeFiles/cmTC_a14cf.dir/CMakeCCompilerABI.c.o -lgcc --push-state --as-needed -lgcc_s --pop-state -lc -lgcc --push-state --as-needed -lgcc_s --pop-state /home/xingdi/gcc12/lib/gcc/x86_64-pc-linux-gnu/12.2.0/crtend.o /lib/../lib64/crtn.o]
    arg [/home/xingdi/gcc12/libexec/gcc/x86_64-pc-linux-gnu/12.2.0/collect2] ==> ignore
    arg [-plugin] ==> ignore
    arg [/home/xingdi/gcc12/libexec/gcc/x86_64-pc-linux-gnu/12.2.0/liblto_plugin.so] ==> ignore
    arg [-plugin-opt=/home/xingdi/gcc12/libexec/gcc/x86_64-pc-linux-gnu/12.2.0/lto-wrapper] ==> ignore
    arg [-plugin-opt=-fresolution=/tmp/ccpgK4kq.res] ==> ignore
    arg [-plugin-opt=-pass-through=-lgcc] ==> ignore
    arg [-plugin-opt=-pass-through=-lgcc_s] ==> ignore
    arg [-plugin-opt=-pass-through=-lc] ==> ignore
    arg [-plugin-opt=-pass-through=-lgcc] ==> ignore
    arg [-plugin-opt=-pass-through=-lgcc_s] ==> ignore
    arg [--eh-frame-hdr] ==> ignore
    arg [-m] ==> ignore
    arg [elf_x86_64] ==> ignore
    arg [-dynamic-linker] ==> ignore
    arg [/lib64/ld-linux-x86-64.so.2] ==> ignore
    arg [-o] ==> ignore
    arg [cmTC_a14cf] ==> ignore
    arg [/lib/../lib64/crt1.o] ==> obj [/lib/../lib64/crt1.o]
    arg [/lib/../lib64/crti.o] ==> obj [/lib/../lib64/crti.o]
    arg [/home/xingdi/gcc12/lib/gcc/x86_64-pc-linux-gnu/12.2.0/crtbegin.o] ==> obj [/home/xingdi/gcc12/lib/gcc/x86_64-pc-linux-gnu/12.2.0/crtbegin.o]
    arg [-L/home/xingdi/gcc12/lib/gcc/x86_64-pc-linux-gnu/12.2.0] ==> dir [/home/xingdi/gcc12/lib/gcc/x86_64-pc-linux-gnu/12.2.0]
    arg [-L/home/xingdi/gcc12/lib/gcc/x86_64-pc-linux-gnu/12.2.0/../../../../lib64] ==> dir [/home/xingdi/gcc12/lib/gcc/x86_64-pc-linux-gnu/12.2.0/../../../../lib64]
    arg [-L/lib/../lib64] ==> dir [/lib/../lib64]
    arg [-L/usr/lib/../lib64] ==> dir [/usr/lib/../lib64]
    arg [-L/home/xingdi/gcc12/lib/gcc/x86_64-pc-linux-gnu/12.2.0/../../..] ==> dir [/home/xingdi/gcc12/lib/gcc/x86_64-pc-linux-gnu/12.2.0/../../..]
    arg [CMakeFiles/cmTC_a14cf.dir/CMakeCCompilerABI.c.o] ==> ignore
    arg [-lgcc] ==> lib [gcc]
    arg [--push-state] ==> ignore
    arg [--as-needed] ==> ignore
    arg [-lgcc_s] ==> lib [gcc_s]
    arg [--pop-state] ==> ignore
    arg [-lc] ==> lib [c]
    arg [-lgcc] ==> lib [gcc]
    arg [--push-state] ==> ignore
    arg [--as-needed] ==> ignore
    arg [-lgcc_s] ==> lib [gcc_s]
    arg [--pop-state] ==> ignore
    arg [/home/xingdi/gcc12/lib/gcc/x86_64-pc-linux-gnu/12.2.0/crtend.o] ==> obj [/home/xingdi/gcc12/lib/gcc/x86_64-pc-linux-gnu/12.2.0/crtend.o]
    arg [/lib/../lib64/crtn.o] ==> obj [/lib/../lib64/crtn.o]
  collapse obj [/lib/../lib64/crt1.o] ==> [/lib64/crt1.o]
  collapse obj [/lib/../lib64/crti.o] ==> [/lib64/crti.o]
  collapse obj [/lib/../lib64/crtn.o] ==> [/lib64/crtn.o]
  collapse library dir [/home/xingdi/gcc12/lib/gcc/x86_64-pc-linux-gnu/12.2.0] ==> [/home/xingdi/gcc12/lib/gcc/x86_64-pc-linux-gnu/12.2.0]
  collapse library dir [/home/xingdi/gcc12/lib/gcc/x86_64-pc-linux-gnu/12.2.0/../../../../lib64] ==> [/home/xingdi/gcc12/lib64]
  collapse library dir [/lib/../lib64] ==> [/lib64]
  collapse library dir [/usr/lib/../lib64] ==> [/usr/lib64]
  collapse library dir [/home/xingdi/gcc12/lib/gcc/x86_64-pc-linux-gnu/12.2.0/../../..] ==> [/home/xingdi/gcc12/lib]
  implicit libs: [gcc;gcc_s;c;gcc;gcc_s]
  implicit objs: [/lib64/crt1.o;/lib64/crti.o;/home/xingdi/gcc12/lib/gcc/x86_64-pc-linux-gnu/12.2.0/crtbegin.o;/home/xingdi/gcc12/lib/gcc/x86_64-pc-linux-gnu/12.2.0/crtend.o;/lib64/crtn.o]
  implicit dirs: [/home/xingdi/gcc12/lib/gcc/x86_64-pc-linux-gnu/12.2.0;/home/xingdi/gcc12/lib64;/lib64;/usr/lib64;/home/xingdi/gcc12/lib]
  implicit fwks: []


Detecting CXX compiler ABI info compiled with the following output:
Change Dir: /home/xingdi/workspace/dzpk/dzpk/src/server/cmake-build-debug/CMakeFiles/CMakeTmp

Run Build Command(s):/home/xingdi/clion-2022.3.1/bin/ninja/linux/ninja cmTC_fad5d && [1/2] Building CXX object CMakeFiles/cmTC_fad5d.dir/CMakeCXXCompilerABI.cpp.o
Using built-in specs.
COLLECT_GCC=/home/xingdi/gcc12/bin/g++
Target: x86_64-pc-linux-gnu
Configured with: ./configure --prefix=/home/xingdi/gcc12/ --enable-multilib
Thread model: posix
Supported LTO compression algorithms: zlib
gcc version 12.2.0 (GCC) 
COLLECT_GCC_OPTIONS='-fdiagnostics-color=always' '-v' '-o' 'CMakeFiles/cmTC_fad5d.dir/CMakeCXXCompilerABI.cpp.o' '-c' '-shared-libgcc' '-mtune=generic' '-march=x86-64' '-dumpdir' 'CMakeFiles/cmTC_fad5d.dir/'
 /home/xingdi/gcc12/libexec/gcc/x86_64-pc-linux-gnu/12.2.0/cc1plus -quiet -v -D_GNU_SOURCE /home/xingdi/clion-2022.3.1/bin/cmake/linux/share/cmake-3.24/Modules/CMakeCXXCompilerABI.cpp -quiet -dumpdir CMakeFiles/cmTC_fad5d.dir/ -dumpbase CMakeCXXCompilerABI.cpp.cpp -dumpbase-ext .cpp -mtune=generic -march=x86-64 -version -fdiagnostics-color=always -o /tmp/ccMjFFbs.s
GNU C++17 (GCC) version 12.2.0 (x86_64-pc-linux-gnu)
	compiled by GNU C version 12.2.0, GMP version 6.1.2, MPFR version 3.1.6-p2, MPC version 1.0.2, isl version isl-0.16.1-GMP

GGC heuristics: --param ggc-min-expand=100 --param ggc-min-heapsize=131072
ignoring nonexistent directory "/home/xingdi/gcc12/lib/gcc/x86_64-pc-linux-gnu/12.2.0/../../../../x86_64-pc-linux-gnu/include"
#include "..." search starts here:
#include <...> search starts here:
 /home/xingdi/gcc12/lib/gcc/x86_64-pc-linux-gnu/12.2.0/../../../../include/c++/12.2.0
 /home/xingdi/gcc12/lib/gcc/x86_64-pc-linux-gnu/12.2.0/../../../../include/c++/12.2.0/x86_64-pc-linux-gnu
 /home/xingdi/gcc12/lib/gcc/x86_64-pc-linux-gnu/12.2.0/../../../../include/c++/12.2.0/backward
 /home/xingdi/gcc12/lib/gcc/x86_64-pc-linux-gnu/12.2.0/include
 /usr/local/include
 /home/xingdi/gcc12/include
 /home/xingdi/gcc12/lib/gcc/x86_64-pc-linux-gnu/12.2.0/include-fixed
 /usr/include
End of search list.
GNU C++17 (GCC) version 12.2.0 (x86_64-pc-linux-gnu)
	compiled by GNU C version 12.2.0, GMP version 6.1.2, MPFR version 3.1.6-p2, MPC version 1.0.2, isl version isl-0.16.1-GMP

GGC heuristics: --param ggc-min-expand=100 --param ggc-min-heapsize=131072
Compiler executable checksum: f28e36fd1eb3a457294e3405ed89205e
COLLECT_GCC_OPTIONS='-fdiagnostics-color=always' '-v' '-o' 'CMakeFiles/cmTC_fad5d.dir/CMakeCXXCompilerABI.cpp.o' '-c' '-shared-libgcc' '-mtune=generic' '-march=x86-64' '-dumpdir' 'CMakeFiles/cmTC_fad5d.dir/'
 as -v --64 -o CMakeFiles/cmTC_fad5d.dir/CMakeCXXCompilerABI.cpp.o /tmp/ccMjFFbs.s
GNU assembler version 2.30 (x86_64-redhat-linux) using BFD version version 2.30-79.el8
COMPILER_PATH=/home/xingdi/gcc12/libexec/gcc/x86_64-pc-linux-gnu/12.2.0/:/home/xingdi/gcc12/libexec/gcc/x86_64-pc-linux-gnu/12.2.0/:/home/xingdi/gcc12/libexec/gcc/x86_64-pc-linux-gnu/:/home/xingdi/gcc12/lib/gcc/x86_64-pc-linux-gnu/12.2.0/:/home/xingdi/gcc12/lib/gcc/x86_64-pc-linux-gnu/
LIBRARY_PATH=/home/xingdi/gcc12/lib/gcc/x86_64-pc-linux-gnu/12.2.0/:/home/xingdi/gcc12/lib/gcc/x86_64-pc-linux-gnu/12.2.0/../../../../lib64/:/lib/../lib64/:/usr/lib/../lib64/:/home/xingdi/gcc12/lib/gcc/x86_64-pc-linux-gnu/12.2.0/../../../:/lib/:/usr/lib/
COLLECT_GCC_OPTIONS='-fdiagnostics-color=always' '-v' '-o' 'CMakeFiles/cmTC_fad5d.dir/CMakeCXXCompilerABI.cpp.o' '-c' '-shared-libgcc' '-mtune=generic' '-march=x86-64' '-dumpdir' 'CMakeFiles/cmTC_fad5d.dir/CMakeCXXCompilerABI.cpp.'
[2/2] Linking CXX executable cmTC_fad5d
Using built-in specs.
COLLECT_GCC=/home/xingdi/gcc12/bin/g++
COLLECT_LTO_WRAPPER=/home/xingdi/gcc12/libexec/gcc/x86_64-pc-linux-gnu/12.2.0/lto-wrapper
Target: x86_64-pc-linux-gnu
Configured with: ./configure --prefix=/home/xingdi/gcc12/ --enable-multilib
Thread model: posix
Supported LTO compression algorithms: zlib
gcc version 12.2.0 (GCC) 
COMPILER_PATH=/home/xingdi/gcc12/libexec/gcc/x86_64-pc-linux-gnu/12.2.0/:/home/xingdi/gcc12/libexec/gcc/x86_64-pc-linux-gnu/12.2.0/:/home/xingdi/gcc12/libexec/gcc/x86_64-pc-linux-gnu/:/home/xingdi/gcc12/lib/gcc/x86_64-pc-linux-gnu/12.2.0/:/home/xingdi/gcc12/lib/gcc/x86_64-pc-linux-gnu/
LIBRARY_PATH=/home/xingdi/gcc12/lib/gcc/x86_64-pc-linux-gnu/12.2.0/:/home/xingdi/gcc12/lib/gcc/x86_64-pc-linux-gnu/12.2.0/../../../../lib64/:/lib/../lib64/:/usr/lib/../lib64/:/home/xingdi/gcc12/lib/gcc/x86_64-pc-linux-gnu/12.2.0/../../../:/lib/:/usr/lib/
COLLECT_GCC_OPTIONS='-v' '-o' 'cmTC_fad5d' '-shared-libgcc' '-mtune=generic' '-march=x86-64' '-dumpdir' 'cmTC_fad5d.'
 /home/xingdi/gcc12/libexec/gcc/x86_64-pc-linux-gnu/12.2.0/collect2 -plugin /home/xingdi/gcc12/libexec/gcc/x86_64-pc-linux-gnu/12.2.0/liblto_plugin.so -plugin-opt=/home/xingdi/gcc12/libexec/gcc/x86_64-pc-linux-gnu/12.2.0/lto-wrapper -plugin-opt=-fresolution=/tmp/ccz6uKOv.res -plugin-opt=-pass-through=-lgcc_s -plugin-opt=-pass-through=-lgcc -plugin-opt=-pass-through=-lc -plugin-opt=-pass-through=-lgcc_s -plugin-opt=-pass-through=-lgcc --eh-frame-hdr -m elf_x86_64 -dynamic-linker /lib64/ld-linux-x86-64.so.2 -o cmTC_fad5d /lib/../lib64/crt1.o /lib/../lib64/crti.o /home/xingdi/gcc12/lib/gcc/x86_64-pc-linux-gnu/12.2.0/crtbegin.o -L/home/xingdi/gcc12/lib/gcc/x86_64-pc-linux-gnu/12.2.0 -L/home/xingdi/gcc12/lib/gcc/x86_64-pc-linux-gnu/12.2.0/../../../../lib64 -L/lib/../lib64 -L/usr/lib/../lib64 -L/home/xingdi/gcc12/lib/gcc/x86_64-pc-linux-gnu/12.2.0/../../.. CMakeFiles/cmTC_fad5d.dir/CMakeCXXCompilerABI.cpp.o -lstdc++ -lm -lgcc_s -lgcc -lc -lgcc_s -lgcc /home/xingdi/gcc12/lib/gcc/x86_64-pc-linux-gnu/12.2.0/crtend.o /lib/../lib64/crtn.o
COLLECT_GCC_OPTIONS='-v' '-o' 'cmTC_fad5d' '-shared-libgcc' '-mtune=generic' '-march=x86-64' '-dumpdir' 'cmTC_fad5d.'



Parsed CXX implicit include dir info from above output: rv=done
  found start of include info
  found start of implicit include info
    add: [/home/xingdi/gcc12/lib/gcc/x86_64-pc-linux-gnu/12.2.0/../../../../include/c++/12.2.0]
    add: [/home/xingdi/gcc12/lib/gcc/x86_64-pc-linux-gnu/12.2.0/../../../../include/c++/12.2.0/x86_64-pc-linux-gnu]
    add: [/home/xingdi/gcc12/lib/gcc/x86_64-pc-linux-gnu/12.2.0/../../../../include/c++/12.2.0/backward]
    add: [/home/xingdi/gcc12/lib/gcc/x86_64-pc-linux-gnu/12.2.0/include]
    add: [/usr/local/include]
    add: [/home/xingdi/gcc12/include]
    add: [/home/xingdi/gcc12/lib/gcc/x86_64-pc-linux-gnu/12.2.0/include-fixed]
    add: [/usr/include]
  end of search list found
  collapse include dir [/home/xingdi/gcc12/lib/gcc/x86_64-pc-linux-gnu/12.2.0/../../../../include/c++/12.2.0] ==> [/home/xingdi/gcc12/include/c++/12.2.0]
  collapse include dir [/home/xingdi/gcc12/lib/gcc/x86_64-pc-linux-gnu/12.2.0/../../../../include/c++/12.2.0/x86_64-pc-linux-gnu] ==> [/home/xingdi/gcc12/include/c++/12.2.0/x86_64-pc-linux-gnu]
  collapse include dir [/home/xingdi/gcc12/lib/gcc/x86_64-pc-linux-gnu/12.2.0/../../../../include/c++/12.2.0/backward] ==> [/home/xingdi/gcc12/include/c++/12.2.0/backward]
  collapse include dir [/home/xingdi/gcc12/lib/gcc/x86_64-pc-linux-gnu/12.2.0/include] ==> [/home/xingdi/gcc12/lib/gcc/x86_64-pc-linux-gnu/12.2.0/include]
  collapse include dir [/usr/local/include] ==> [/usr/local/include]
  collapse include dir [/home/xingdi/gcc12/include] ==> [/home/xingdi/gcc12/include]
  collapse include dir [/home/xingdi/gcc12/lib/gcc/x86_64-pc-linux-gnu/12.2.0/include-fixed] ==> [/home/xingdi/gcc12/lib/gcc/x86_64-pc-linux-gnu/12.2.0/include-fixed]
  collapse include dir [/usr/include] ==> [/usr/include]
  implicit include dirs: [/home/xingdi/gcc12/include/c++/12.2.0;/home/xingdi/gcc12/include/c++/12.2.0/x86_64-pc-linux-gnu;/home/xingdi/gcc12/include/c++/12.2.0/backward;/home/xingdi/gcc12/lib/gcc/x86_64-pc-linux-gnu/12.2.0/include;/usr/local/include;/home/xingdi/gcc12/include;/home/xingdi/gcc12/lib/gcc/x86_64-pc-linux-gnu/12.2.0/include-fixed;/usr/include]


Parsed CXX implicit link information from above output:
  link line regex: [^( *|.*[/\])(ld|CMAKE_LINK_STARTFILE-NOTFOUND|([^/\]+-)?ld|collect2)[^/\]*( |$)]
  ignore line: [Change Dir: /home/xingdi/workspace/dzpk/dzpk/src/server/cmake-build-debug/CMakeFiles/CMakeTmp]
  ignore line: []
  ignore line: [Run Build Command(s):/home/xingdi/clion-2022.3.1/bin/ninja/linux/ninja cmTC_fad5d && [1/2] Building CXX object CMakeFiles/cmTC_fad5d.dir/CMakeCXXCompilerABI.cpp.o]
  ignore line: [Using built-in specs.]
  ignore line: [COLLECT_GCC=/home/xingdi/gcc12/bin/g++]
  ignore line: [Target: x86_64-pc-linux-gnu]
  ignore line: [Configured with: ./configure --prefix=/home/xingdi/gcc12/ --enable-multilib]
  ignore line: [Thread model: posix]
  ignore line: [Supported LTO compression algorithms: zlib]
  ignore line: [gcc version 12.2.0 (GCC) ]
  ignore line: [COLLECT_GCC_OPTIONS='-fdiagnostics-color=always' '-v' '-o' 'CMakeFiles/cmTC_fad5d.dir/CMakeCXXCompilerABI.cpp.o' '-c' '-shared-libgcc' '-mtune=generic' '-march=x86-64' '-dumpdir' 'CMakeFiles/cmTC_fad5d.dir/']
  ignore line: [ /home/xingdi/gcc12/libexec/gcc/x86_64-pc-linux-gnu/12.2.0/cc1plus -quiet -v -D_GNU_SOURCE /home/xingdi/clion-2022.3.1/bin/cmake/linux/share/cmake-3.24/Modules/CMakeCXXCompilerABI.cpp -quiet -dumpdir CMakeFiles/cmTC_fad5d.dir/ -dumpbase CMakeCXXCompilerABI.cpp.cpp -dumpbase-ext .cpp -mtune=generic -march=x86-64 -version -fdiagnostics-color=always -o /tmp/ccMjFFbs.s]
  ignore line: [GNU C++17 (GCC) version 12.2.0 (x86_64-pc-linux-gnu)]
  ignore line: [	compiled by GNU C version 12.2.0  GMP version 6.1.2  MPFR version 3.1.6-p2  MPC version 1.0.2  isl version isl-0.16.1-GMP]
  ignore line: []
  ignore line: [GGC heuristics: --param ggc-min-expand=100 --param ggc-min-heapsize=131072]
  ignore line: [ignoring nonexistent directory "/home/xingdi/gcc12/lib/gcc/x86_64-pc-linux-gnu/12.2.0/../../../../x86_64-pc-linux-gnu/include"]
  ignore line: [#include "..." search starts here:]
  ignore line: [#include <...> search starts here:]
  ignore line: [ /home/xingdi/gcc12/lib/gcc/x86_64-pc-linux-gnu/12.2.0/../../../../include/c++/12.2.0]
  ignore line: [ /home/xingdi/gcc12/lib/gcc/x86_64-pc-linux-gnu/12.2.0/../../../../include/c++/12.2.0/x86_64-pc-linux-gnu]
  ignore line: [ /home/xingdi/gcc12/lib/gcc/x86_64-pc-linux-gnu/12.2.0/../../../../include/c++/12.2.0/backward]
  ignore line: [ /home/xingdi/gcc12/lib/gcc/x86_64-pc-linux-gnu/12.2.0/include]
  ignore line: [ /usr/local/include]
  ignore line: [ /home/xingdi/gcc12/include]
  ignore line: [ /home/xingdi/gcc12/lib/gcc/x86_64-pc-linux-gnu/12.2.0/include-fixed]
  ignore line: [ /usr/include]
  ignore line: [End of search list.]
  ignore line: [GNU C++17 (GCC) version 12.2.0 (x86_64-pc-linux-gnu)]
  ignore line: [	compiled by GNU C version 12.2.0  GMP version 6.1.2  MPFR version 3.1.6-p2  MPC version 1.0.2  isl version isl-0.16.1-GMP]
  ignore line: []
  ignore line: [GGC heuristics: --param ggc-min-expand=100 --param ggc-min-heapsize=131072]
  ignore line: [Compiler executable checksum: f28e36fd1eb3a457294e3405ed89205e]
  ignore line: [COLLECT_GCC_OPTIONS='-fdiagnostics-color=always' '-v' '-o' 'CMakeFiles/cmTC_fad5d.dir/CMakeCXXCompilerABI.cpp.o' '-c' '-shared-libgcc' '-mtune=generic' '-march=x86-64' '-dumpdir' 'CMakeFiles/cmTC_fad5d.dir/']
  ignore line: [ as -v --64 -o CMakeFiles/cmTC_fad5d.dir/CMakeCXXCompilerABI.cpp.o /tmp/ccMjFFbs.s]
  ignore line: [GNU assembler version 2.30 (x86_64-redhat-linux) using BFD version version 2.30-79.el8]
  ignore line: [COMPILER_PATH=/home/xingdi/gcc12/libexec/gcc/x86_64-pc-linux-gnu/12.2.0/:/home/xingdi/gcc12/libexec/gcc/x86_64-pc-linux-gnu/12.2.0/:/home/xingdi/gcc12/libexec/gcc/x86_64-pc-linux-gnu/:/home/xingdi/gcc12/lib/gcc/x86_64-pc-linux-gnu/12.2.0/:/home/xingdi/gcc12/lib/gcc/x86_64-pc-linux-gnu/]
  ignore line: [LIBRARY_PATH=/home/xingdi/gcc12/lib/gcc/x86_64-pc-linux-gnu/12.2.0/:/home/xingdi/gcc12/lib/gcc/x86_64-pc-linux-gnu/12.2.0/../../../../lib64/:/lib/../lib64/:/usr/lib/../lib64/:/home/xingdi/gcc12/lib/gcc/x86_64-pc-linux-gnu/12.2.0/../../../:/lib/:/usr/lib/]
  ignore line: [COLLECT_GCC_OPTIONS='-fdiagnostics-color=always' '-v' '-o' 'CMakeFiles/cmTC_fad5d.dir/CMakeCXXCompilerABI.cpp.o' '-c' '-shared-libgcc' '-mtune=generic' '-march=x86-64' '-dumpdir' 'CMakeFiles/cmTC_fad5d.dir/CMakeCXXCompilerABI.cpp.']
  ignore line: [[2/2] Linking CXX executable cmTC_fad5d]
  ignore line: [Using built-in specs.]
  ignore line: [COLLECT_GCC=/home/xingdi/gcc12/bin/g++]
  ignore line: [COLLECT_LTO_WRAPPER=/home/xingdi/gcc12/libexec/gcc/x86_64-pc-linux-gnu/12.2.0/lto-wrapper]
  ignore line: [Target: x86_64-pc-linux-gnu]
  ignore line: [Configured with: ./configure --prefix=/home/xingdi/gcc12/ --enable-multilib]
  ignore line: [Thread model: posix]
  ignore line: [Supported LTO compression algorithms: zlib]
  ignore line: [gcc version 12.2.0 (GCC) ]
  ignore line: [COMPILER_PATH=/home/xingdi/gcc12/libexec/gcc/x86_64-pc-linux-gnu/12.2.0/:/home/xingdi/gcc12/libexec/gcc/x86_64-pc-linux-gnu/12.2.0/:/home/xingdi/gcc12/libexec/gcc/x86_64-pc-linux-gnu/:/home/xingdi/gcc12/lib/gcc/x86_64-pc-linux-gnu/12.2.0/:/home/xingdi/gcc12/lib/gcc/x86_64-pc-linux-gnu/]
  ignore line: [LIBRARY_PATH=/home/xingdi/gcc12/lib/gcc/x86_64-pc-linux-gnu/12.2.0/:/home/xingdi/gcc12/lib/gcc/x86_64-pc-linux-gnu/12.2.0/../../../../lib64/:/lib/../lib64/:/usr/lib/../lib64/:/home/xingdi/gcc12/lib/gcc/x86_64-pc-linux-gnu/12.2.0/../../../:/lib/:/usr/lib/]
  ignore line: [COLLECT_GCC_OPTIONS='-v' '-o' 'cmTC_fad5d' '-shared-libgcc' '-mtune=generic' '-march=x86-64' '-dumpdir' 'cmTC_fad5d.']
  link line: [ /home/xingdi/gcc12/libexec/gcc/x86_64-pc-linux-gnu/12.2.0/collect2 -plugin /home/xingdi/gcc12/libexec/gcc/x86_64-pc-linux-gnu/12.2.0/liblto_plugin.so -plugin-opt=/home/xingdi/gcc12/libexec/gcc/x86_64-pc-linux-gnu/12.2.0/lto-wrapper -plugin-opt=-fresolution=/tmp/ccz6uKOv.res -plugin-opt=-pass-through=-lgcc_s -plugin-opt=-pass-through=-lgcc -plugin-opt=-pass-through=-lc -plugin-opt=-pass-through=-lgcc_s -plugin-opt=-pass-through=-lgcc --eh-frame-hdr -m elf_x86_64 -dynamic-linker /lib64/ld-linux-x86-64.so.2 -o cmTC_fad5d /lib/../lib64/crt1.o /lib/../lib64/crti.o /home/xingdi/gcc12/lib/gcc/x86_64-pc-linux-gnu/12.2.0/crtbegin.o -L/home/xingdi/gcc12/lib/gcc/x86_64-pc-linux-gnu/12.2.0 -L/home/xingdi/gcc12/lib/gcc/x86_64-pc-linux-gnu/12.2.0/../../../../lib64 -L/lib/../lib64 -L/usr/lib/../lib64 -L/home/xingdi/gcc12/lib/gcc/x86_64-pc-linux-gnu/12.2.0/../../.. CMakeFiles/cmTC_fad5d.dir/CMakeCXXCompilerABI.cpp.o -lstdc++ -lm -lgcc_s -lgcc -lc -lgcc_s -lgcc /home/xingdi/gcc12/lib/gcc/x86_64-pc-linux-gnu/12.2.0/crtend.o /lib/../lib64/crtn.o]
    arg [/home/xingdi/gcc12/libexec/gcc/x86_64-pc-linux-gnu/12.2.0/collect2] ==> ignore
    arg [-plugin] ==> ignore
    arg [/home/xingdi/gcc12/libexec/gcc/x86_64-pc-linux-gnu/12.2.0/liblto_plugin.so] ==> ignore
    arg [-plugin-opt=/home/xingdi/gcc12/libexec/gcc/x86_64-pc-linux-gnu/12.2.0/lto-wrapper] ==> ignore
    arg [-plugin-opt=-fresolution=/tmp/ccz6uKOv.res] ==> ignore
    arg [-plugin-opt=-pass-through=-lgcc_s] ==> ignore
    arg [-plugin-opt=-pass-through=-lgcc] ==> ignore
    arg [-plugin-opt=-pass-through=-lc] ==> ignore
    arg [-plugin-opt=-pass-through=-lgcc_s] ==> ignore
    arg [-plugin-opt=-pass-through=-lgcc] ==> ignore
    arg [--eh-frame-hdr] ==> ignore
    arg [-m] ==> ignore
    arg [elf_x86_64] ==> ignore
    arg [-dynamic-linker] ==> ignore
    arg [/lib64/ld-linux-x86-64.so.2] ==> ignore
    arg [-o] ==> ignore
    arg [cmTC_fad5d] ==> ignore
    arg [/lib/../lib64/crt1.o] ==> obj [/lib/../lib64/crt1.o]
    arg [/lib/../lib64/crti.o] ==> obj [/lib/../lib64/crti.o]
    arg [/home/xingdi/gcc12/lib/gcc/x86_64-pc-linux-gnu/12.2.0/crtbegin.o] ==> obj [/home/xingdi/gcc12/lib/gcc/x86_64-pc-linux-gnu/12.2.0/crtbegin.o]
    arg [-L/home/xingdi/gcc12/lib/gcc/x86_64-pc-linux-gnu/12.2.0] ==> dir [/home/xingdi/gcc12/lib/gcc/x86_64-pc-linux-gnu/12.2.0]
    arg [-L/home/xingdi/gcc12/lib/gcc/x86_64-pc-linux-gnu/12.2.0/../../../../lib64] ==> dir [/home/xingdi/gcc12/lib/gcc/x86_64-pc-linux-gnu/12.2.0/../../../../lib64]
    arg [-L/lib/../lib64] ==> dir [/lib/../lib64]
    arg [-L/usr/lib/../lib64] ==> dir [/usr/lib/../lib64]
    arg [-L/home/xingdi/gcc12/lib/gcc/x86_64-pc-linux-gnu/12.2.0/../../..] ==> dir [/home/xingdi/gcc12/lib/gcc/x86_64-pc-linux-gnu/12.2.0/../../..]
    arg [CMakeFiles/cmTC_fad5d.dir/CMakeCXXCompilerABI.cpp.o] ==> ignore
    arg [-lstdc++] ==> lib [stdc++]
    arg [-lm] ==> lib [m]
    arg [-lgcc_s] ==> lib [gcc_s]
    arg [-lgcc] ==> lib [gcc]
    arg [-lc] ==> lib [c]
    arg [-lgcc_s] ==> lib [gcc_s]
    arg [-lgcc] ==> lib [gcc]
    arg [/home/xingdi/gcc12/lib/gcc/x86_64-pc-linux-gnu/12.2.0/crtend.o] ==> obj [/home/xingdi/gcc12/lib/gcc/x86_64-pc-linux-gnu/12.2.0/crtend.o]
    arg [/lib/../lib64/crtn.o] ==> obj [/lib/../lib64/crtn.o]
  collapse obj [/lib/../lib64/crt1.o] ==> [/lib64/crt1.o]
  collapse obj [/lib/../lib64/crti.o] ==> [/lib64/crti.o]
  collapse obj [/lib/../lib64/crtn.o] ==> [/lib64/crtn.o]
  collapse library dir [/home/xingdi/gcc12/lib/gcc/x86_64-pc-linux-gnu/12.2.0] ==> [/home/xingdi/gcc12/lib/gcc/x86_64-pc-linux-gnu/12.2.0]
  collapse library dir [/home/xingdi/gcc12/lib/gcc/x86_64-pc-linux-gnu/12.2.0/../../../../lib64] ==> [/home/xingdi/gcc12/lib64]
  collapse library dir [/lib/../lib64] ==> [/lib64]
  collapse library dir [/usr/lib/../lib64] ==> [/usr/lib64]
  collapse library dir [/home/xingdi/gcc12/lib/gcc/x86_64-pc-linux-gnu/12.2.0/../../..] ==> [/home/xingdi/gcc12/lib]
  implicit libs: [stdc++;m;gcc_s;gcc;c;gcc_s;gcc]
  implicit objs: [/lib64/crt1.o;/lib64/crti.o;/home/xingdi/gcc12/lib/gcc/x86_64-pc-linux-gnu/12.2.0/crtbegin.o;/home/xingdi/gcc12/lib/gcc/x86_64-pc-linux-gnu/12.2.0/crtend.o;/lib64/crtn.o]
  implicit dirs: [/home/xingdi/gcc12/lib/gcc/x86_64-pc-linux-gnu/12.2.0;/home/xingdi/gcc12/lib64;/lib64;/usr/lib64;/home/xingdi/gcc12/lib]
  implicit fwks: []


Determining if the function pthread_create exists in the pthread passed with the following output:
Change Dir: /home/xingdi/workspace/dzpk/dzpk/src/server/cmake-build-debug/CMakeFiles/CMakeTmp

Run Build Command(s):/home/xingdi/clion-2022.3.1/bin/ninja/linux/ninja cmTC_6eb42 && [1/2] Building C object CMakeFiles/cmTC_6eb42.dir/CheckFunctionExists.c.o
[2/2] Linking C executable cmTC_6eb42



