Performing C SOURCE FILE Test CMAKE_HAVE_LIBC_PTHREAD failed with the following output:
Change Dir: /home/xingdi/workspace/dzpk/dzpk/dzpk/src/server/cmake-build-debug/CMakeFiles/CMakeTmp

Run Build Command(s):/usr/bin/gmake -f Makefile cmTC_a9502/fast && /usr/bin/gmake  -f CMakeFiles/cmTC_a9502.dir/build.make CMakeFiles/cmTC_a9502.dir/build
gmake[1]: Entering directory '/home/xingdi/workspace/dzpk/dzpk/dzpk/src/server/cmake-build-debug/CMakeFiles/CMakeTmp'
Building C object CMakeFiles/cmTC_a9502.dir/src.c.o
/home/xingdi/gcc12/bin/gcc -DCMAKE_HAVE_LIBC_PTHREAD  -fdiagnostics-color=always -o CMakeFiles/cmTC_a9502.dir/src.c.o -c /home/xingdi/workspace/dzpk/dzpk/dzpk/src/server/cmake-build-debug/CMakeFiles/CMakeTmp/src.c
Linking C executable cmTC_a9502
/home/xingdi/clion-2022.3.1/bin/cmake/linux/bin/cmake -E cmake_link_script CMakeFiles/cmTC_a9502.dir/link.txt --verbose=1
/home/xingdi/gcc12/bin/gcc CMakeFiles/cmTC_a9502.dir/src.c.o -o cmTC_a9502 
CMakeFiles/cmTC_a9502.dir/src.c.o: In function `main':
src.c:(.text+0x2d): undefined reference to `pthread_create'
src.c:(.text+0x39): undefined reference to `pthread_detach'
src.c:(.text+0x45): undefined reference to `pthread_cancel'
src.c:(.text+0x56): undefined reference to `pthread_join'
collect2: error: ld returned 1 exit status
gmake[1]: *** [CMakeFiles/cmTC_a9502.dir/build.make:99: cmTC_a9502] Error 1
gmake[1]: Leaving directory '/home/xingdi/workspace/dzpk/dzpk/dzpk/src/server/cmake-build-debug/CMakeFiles/CMakeTmp'
gmake: *** [Makefile:127: cmTC_a9502/fast] Error 2


Source file was:
#include <pthread.h>

static void* test_func(void* data)
{
  return data;
}

int main(void)
{
  pthread_t thread;
  pthread_create(&thread, NULL, test_func, NULL);
  pthread_detach(thread);
  pthread_cancel(thread);
  pthread_join(thread, NULL);
  pthread_atfork(NULL, NULL, NULL);
  pthread_exit(NULL);

  return 0;
}

Determining if the function pthread_create exists in the pthreads failed with the following output:
Change Dir: /home/xingdi/workspace/dzpk/dzpk/dzpk/src/server/cmake-build-debug/CMakeFiles/CMakeTmp

Run Build Command(s):/usr/bin/gmake -f Makefile cmTC_e470d/fast && /usr/bin/gmake  -f CMakeFiles/cmTC_e470d.dir/build.make CMakeFiles/cmTC_e470d.dir/build
gmake[1]: Entering directory '/home/xingdi/workspace/dzpk/dzpk/dzpk/src/server/cmake-build-debug/CMakeFiles/CMakeTmp'
Building C object CMakeFiles/cmTC_e470d.dir/CheckFunctionExists.c.o
/home/xingdi/gcc12/bin/gcc   -DCHECK_FUNCTION_EXISTS=pthread_create -fdiagnostics-color=always -o CMakeFiles/cmTC_e470d.dir/CheckFunctionExists.c.o -c /home/xingdi/clion-2022.3.1/bin/cmake/linux/share/cmake-3.24/Modules/CheckFunctionExists.c
Linking C executable cmTC_e470d
/home/xingdi/clion-2022.3.1/bin/cmake/linux/bin/cmake -E cmake_link_script CMakeFiles/cmTC_e470d.dir/link.txt --verbose=1
/home/xingdi/gcc12/bin/gcc  -DCHECK_FUNCTION_EXISTS=pthread_create CMakeFiles/cmTC_e470d.dir/CheckFunctionExists.c.o -o cmTC_e470d  -lpthreads 
/usr/bin/ld: cannot find -lpthreads
collect2: error: ld returned 1 exit status
gmake[1]: *** [CMakeFiles/cmTC_e470d.dir/build.make:99: cmTC_e470d] Error 1
gmake[1]: Leaving directory '/home/xingdi/workspace/dzpk/dzpk/dzpk/src/server/cmake-build-debug/CMakeFiles/CMakeTmp'
gmake: *** [Makefile:127: cmTC_e470d/fast] Error 2



